<?xml version="1.0" encoding="UTF-8"?>
<!-- Generated by org.testng.reporters.JUnitXMLReporter -->
<testsuite ignored="0" hostname="DESKTOP-29GDPB1" failures="0" tests="3" name="Default test" time="0.11" errors="0" timestamp="2025-08-25T12:43:48 IST">
  <testcase classname="testNGTestCases.OrderDemoTest" name="testB" time="0.016"/>
  <testcase classname="testNGTestCases.OrderDemoTest" name="testC" time="0.005"/>
  <testcase classname="testNGTestCases.OrderDemoTest" name="testA" time="0.003"/>
</testsuite> <!-- Default test -->
