<?xml version="1.0" encoding="UTF-8"?>
<!-- Generated by org.testng.reporters.JUnitXMLReporter -->
<testsuite ignored="0" hostname="DESKTOP-29GDPB1" failures="2" tests="5" name="Test" time="19.781" errors="0" timestamp="2025-08-29T14:50:58 IST">
  <testcase classname="extentReportTests.ExtentTC1" name="TC1Step1" time="0.203"/>
  <testcase classname="extentReportTests.ExtentTC1" name="TC1Step2" time="0.092">
    <failure type="java.lang.AssertionError" message="expected [true] but found [false]">
      <![CDATA[java.lang.AssertionError: expected [true] but found [false]
at extentReportTests.ExtentTC1.TC1Step2(ExtentTC1.java:18)
at java.base/java.util.ArrayList.forEach(ArrayList.java:1597)
... Removed 29 stack frames]]>
    </failure>
  </testcase> <!-- TC1Step2 -->
  <testcase classname="extentReportTests.ExtentTC2" name="TC2Step1" time="0.011"/>
  <testcase classname="extentReportTests.ExtentTC2" name="TC2Step2" time="0.021">
    <failure type="java.lang.AssertionError" message="expected [true] but found [false]">
      <![CDATA[java.lang.AssertionError: expected [true] but found [false]
at extentReportTests.ExtentTC2.TC2Step2(ExtentTC2.java:18)
at java.base/java.util.ArrayList.forEach(ArrayList.java:1597)
... Removed 29 stack frames]]>
    </failure>
  </testcase> <!-- TC2Step2 -->
  <testcase classname="extentReportTests.ExtentTC3Login" name="login" time="7.941"/>
</testsuite> <!-- Test -->
