<?xml version="1.0" encoding="UTF-8"?>
<!-- Generated by org.testng.reporters.JUnitXMLReporter -->
<testsuite ignored="1" hostname="DESKTOP-29GDPB1" failures="2" tests="2" name="Test" time="0.127" errors="0" timestamp="2025-08-25T12:40:41 IST">
  <testcase classname="testNGTestCases.HomePageTests" name="checkTitle" time="0.027">
    <failure type="java.lang.NullPointerException" message="Cannot invoke &amp;quot;org.openqa.selenium.WebDriver.getTitle()&amp;quot; because &amp;quot;testNGTestCases.HomePageTests.driver&amp;quot; is null">
      <![CDATA[java.lang.NullPointerException: Cannot invoke "org.openqa.selenium.WebDriver.getTitle()" because "testNGTestCases.HomePageTests.driver" is null
at testNGTestCases.HomePageTests.checkTitle(HomePageTests.java:32)
at java.base/java.util.ArrayList.forEach(ArrayList.java:1597)
... Removed 25 stack frames]]>
    </failure>
  </testcase> <!-- checkTitle -->
  <testcase classname="testNGTestCases.HomePageTests" name="checkFooter" time="0.016">
    <failure type="java.lang.NullPointerException" message="Cannot invoke &amp;quot;org.openqa.selenium.WebDriver.findElement(org.openqa.selenium.By)&amp;quot; because &amp;quot;testNGTestCases.HomePageTests.driver&amp;quot; is null">
      <![CDATA[java.lang.NullPointerException: Cannot invoke "org.openqa.selenium.WebDriver.findElement(org.openqa.selenium.By)" because "testNGTestCases.HomePageTests.driver" is null
at testNGTestCases.HomePageTests.checkFooter(HomePageTests.java:40)
at java.base/java.util.ArrayList.forEach(ArrayList.java:1597)
... Removed 25 stack frames]]>
    </failure>
  </testcase> <!-- checkFooter -->
  <testcase classname="testNGTestCases.OrangeHrmLoginTest" name="login" time="0.0">
    <ignored/>
  </testcase> <!-- login -->
</testsuite> <!-- Test -->
