<?xml version="1.0" encoding="UTF-8"?>
<!-- Generated by org.testng.reporters.JUnitXMLReporter -->
<testsuite ignored="3" hostname="DESKTOP-29GDPB1" failures="1" tests="2" name="TestMorning" time="35.513" errors="0" timestamp="2025-08-26T12:20:14 IST">
  <testcase classname="testNGTestCases.OrangeHrmLoginTest" name="login" time="12.683"/>
  <testcase classname="testNGTestCases.OrangeHrmLoginTest" name="login" time="22.751">
    <failure type="java.lang.AssertionError" message="expected [true] but found [false]">
      <![CDATA[java.lang.AssertionError: expected [true] but found [false]
at testNGTestCases.OrangeHrmLoginTest.login(OrangeHrmLoginTest.java:51)
at java.base/java.util.ArrayList.forEach(ArrayList.java:1597)
... Removed 31 stack frames]]>
    </failure>
  </testcase> <!-- login -->
  <testcase classname="testNGTestCases.NewTest" name="f" time="0.0">
    <ignored/>
  </testcase> <!-- f -->
  <testcase classname="testNGTestCases.HomePageTests" name="checkFooter" time="0.0">
    <ignored/>
  </testcase> <!-- checkFooter -->
  <testcase classname="testNGTestCases.HomePageTests" name="checkTitle" time="0.0">
    <ignored/>
  </testcase> <!-- checkTitle -->
</testsuite> <!-- TestMorning -->
