<?xml version="1.0" encoding="UTF-8"?>
<!-- Generated by org.testng.reporters.JUnitXMLReporter -->
<testsuite ignored="2" hostname="DESKTOP-29GDPB1" failures="0" tests="1" name="TestMorning" time="12.063" errors="0" timestamp="2025-08-25T15:14:04 IST">
  <testcase classname="testNGTestCases.OrangeHrmLoginTest" name="login" time="11.991"/>
  <testcase classname="testNGTestCases.HomePageTests" name="checkFooter" time="0.0">
    <ignored/>
  </testcase> <!-- checkFooter -->
  <testcase classname="testNGTestCases.HomePageTests" name="checkTitle" time="0.0">
    <ignored/>
  </testcase> <!-- checkTitle -->
</testsuite> <!-- TestMorning -->
