<?xml version="1.0" encoding="UTF-8"?>
<testng-results ignored="2" total="3" passed="1" failed="0" skipped="0">
  <reporter-output>
  </reporter-output>
  <suite started-at="2025-08-25T15:13:52 IST" name="Suite" finished-at="2025-08-25T15:14:04 IST" duration-ms="12063">
    <groups>
      <group name="sanitytest">
        <method signature="OrangeHrmLoginTest.login()[pri:0, instance:testNGTestCases.OrangeHrmLoginTest@6c64cb25]" name="login" class="testNGTestCases.OrangeHrmLoginTest"/>
      </group> <!-- sanitytest -->
    </groups>
    <test started-at="2025-08-25T15:13:52 IST" name="TestMorning" finished-at="2025-08-25T15:14:04 IST" duration-ms="12063">
      <class name="testNGTestCases.OrangeHrmLoginTest">
        <test-method signature="login()[pri:0, instance:testNGTestCases.OrangeHrmLoginTest@6c64cb25]" started-at="2025-08-25T15:13:52 IST" name="login" finished-at="2025-08-25T15:14:04 IST" duration-ms="11991" status="PASS">
          <reporter-output>
          </reporter-output>
        </test-method> <!-- login -->
      </class> <!-- testNGTestCases.OrangeHrmLoginTest -->
    </test> <!-- TestMorning -->
  </suite> <!-- Suite -->
</testng-results>
